<?xml version="1.0" encoding="UTF-8"?>
<!-- Generated by org.testng.reporters.JUnitReportReporter -->
<testsuite skipped="0" hostname="DESKTOP-0O162EE" name="com.jbk.pareshSelentest.Basics01.ActionsBasics" tests="1" failures="0" timestamp="2022-08-20T14:02:06 IST" time="48.571" errors="0">
  <testcase name="testActionBasic" time="48.571" classname="com.jbk.pareshSelentest.Basics01.ActionsBasics"/>
  <system-out/>
</testsuite> <!-- com.jbk.pareshSelentest.Basics01.ActionsBasics -->
