<?xml version="1.0" encoding="UTF-8"?>
<!-- Generated by org.testng.reporters.JUnitReportReporter -->
<testsuite skipped="0" hostname="DESKTOP-0O162EE" name="com.jbk.test.LoginTest" tests="1" failures="0" timestamp="2022-09-03T19:24:59 IST" time="40.165" errors="0">
  <testcase name="test01" time="40.165" classname="com.jbk.test.LoginTest"/>
  <system-out/>
</testsuite> <!-- com.jbk.test.LoginTest -->
